<?xml version="1.0" encoding="UTF-8"?>
<testng-results ignored="0" total="1" passed="1" failed="0" skipped="0">
  <reporter-output>
  </reporter-output>
  <suite started-at="2022-10-31T13:45:25 IST" name="Default suite" finished-at="2022-10-31T13:46:16 IST" duration-ms="51795">
    <groups>
    </groups>
    <test started-at="2022-10-31T13:45:25 IST" name="Default test" finished-at="2022-10-31T13:46:16 IST" duration-ms="51795">
      <class name="com.TestLayer.LoginTest">
        <test-method is-config="true" signature="start()[pri:0, instance:com.TestLayer.LoginTest@16d04d3d]" started-at="2022-10-31T13:45:25 IST" name="start" finished-at="2022-10-31T13:45:25 IST" duration-ms="72" status="PASS">
          <reporter-output>
          </reporter-output>
        </test-method> <!-- start -->
        <test-method is-config="true" signature="setup()[pri:0, instance:com.TestLayer.LoginTest@16d04d3d]" started-at="2022-10-31T13:45:25 IST" name="setup" finished-at="2022-10-31T13:46:14 IST" duration-ms="49279" status="PASS">
          <reporter-output>
          </reporter-output>
        </test-method> <!-- setup -->
        <test-method signature="verifyLoginFunctionality()[pri:0, instance:com.TestLayer.LoginTest@16d04d3d]" started-at="2022-10-31T13:46:14 IST" name="verifyLoginFunctionality" finished-at="2022-10-31T13:46:16 IST" duration-ms="2299" status="PASS">
          <reporter-output>
          </reporter-output>
        </test-method> <!-- verifyLoginFunctionality -->
        <test-method is-config="true" signature="stop()[pri:0, instance:com.TestLayer.LoginTest@16d04d3d]" started-at="2022-10-31T13:46:16 IST" name="stop" finished-at="2022-10-31T13:46:16 IST" duration-ms="1" status="PASS">
          <reporter-output>
          </reporter-output>
        </test-method> <!-- stop -->
      </class> <!-- com.TestLayer.LoginTest -->
    </test> <!-- Default test -->
  </suite> <!-- Default suite -->
</testng-results>
